<?xml version="1.0" encoding="utf-8"?><testsuites name="pytest tests"><testsuite name="pytest" errors="0" failures="0" skipped="0" tests="170" time="23.498" timestamp="2026-08-25T10:47:57.949153+00:00" hostname="agent-env-7826d68b-ab84-4380-8a09-8b493e18cfcb"><testcase classname="tests.test_tenant_edge_cases" name="test_super_admin_tenant_endpoints_no_500[/api/company]" time="0.795" /><testcase classname="tests.test_tenant_edge_cases" name="test_super_admin_tenant_endpoints_no_500[/api/employees]" time="0.061" /><testcase classname="tests.test_tenant_edge_cases" name="test_super_admin_tenant_endpoints_no_500[/api/tasks]" time="0.062" /><testcase classname="tests.test_tenant_edge_cases" name="test_super_admin_tenant_endpoints_no_500[/api/departments]" time="0.066" /><testcase classname="tests.test_tenant_edge_cases" name="test_super_admin_tenant_endpoints_no_500[/api/designations]" time="0.067" /><testcase classname="tests.test_tenant_edge_cases" name="test_super_admin_tenant_endpoints_no_500[/api/shifts]" time="0.062" /><testcase classname="tests.test_tenant_edge_cases" name="test_super_admin_tenant_endpoints_no_500[/api/dashboard]" time="0.068" /><testcase classname="tests.test_tenant_isolation.TestCrossTenantWrite" name="test_task_status_cross_tenant_noop" time="1.421" /><testcase classname="tests.test_tenant_edge_cases" name="test_super_admin_tenant_endpoints_no_500[/api/notifications]" time="0.062" /><testcase classname="tests.test_tenant_edge_cases" name="test_super_admin_tenant_endpoints_no_500[/api/attendance/me]" time="0.065" /><testcase classname="tests.test_tenant_edge_cases" name="test_super_admin_tenant_endpoints_no_500[/api/leaves/me]" time="0.064" /><testcase classname="tests.test_tenant_edge_cases" name="test_super_admin_tenant_endpoints_no_500[/api/payroll/me]" time="0.063" /><testcase classname="tests.test_tenant_isolation.TestCrossTenantWrite" name="test_task_status_cross_tenant_no_data_leak" time="0.050" /><testcase classname="tests.test_tenant_edge_cases" name="test_unauthenticated_blocked[get-/api/employees]" time="0.129" /><testcase classname="tests.test_tenant_isolation.TestCrossTenantWrite" name="test_task_update_cross_tenant_no_data_leak" time="0.081" /><testcase classname="tests.test_tenant_isolation.TestCrossTenantWrite" name="test_task_comment_cross_tenant_no_data_leak" time="0.160" /><testcase classname="tests.test_tenant_edge_cases" name="test_unauthenticated_blocked[get-/api/tasks]" time="0.179" /><testcase classname="tests.test_tenant_isolation.TestCrossTenantWrite" name="test_task_checklist_add_cross_tenant_no_data_leak" time="0.180" /><testcase classname="tests.test_tenant_edge_cases" name="test_unauthenticated_blocked[get-/api/dashboard]" time="0.092" /><testcase classname="tests.test_tenant_edge_cases" name="test_unauthenticated_blocked[get-/api/company]" time="0.114" /><testcase classname="tests.test_tenant_isolation.TestCrossTenantWrite" name="test_task_checklist_cross_tenant_noop" time="0.167" /><testcase classname="tests.test_tenant_edge_cases" name="test_unauthenticated_blocked[get-/api/platform/companies]" time="0.121" /><testcase classname="tests.test_tenant_isolation.TestCrossTenantWrite" name="test_task_update_cross_tenant_noop" time="0.101" /><testcase classname="tests.test_tenant_edge_cases" name="test_no_lockout_after_repeated_failures" time="2.503" /><testcase classname="tests.test_tenant_isolation.TestCrossTenantWrite" name="test_task_delete_cross_tenant_noop" time="0.323" /><testcase classname="tests.test_tenant_isolation.TestCrossTenantWrite" name="test_attendance_edit_cross_tenant_noop" time="0.303" /><testcase classname="tests.test_tenant_isolation.TestCrossTenantWrite" name="test_attendance_mark_cross_tenant_404" time="0.060" /><testcase classname="tests.test_tenant_isolation.TestCrossTenantWrite" name="test_employee_update_cross_tenant_no_data_leak" time="0.377" /><testcase classname="tests.test_tenant_isolation.TestCrossTenantWrite" name="test_employee_salary_cross_tenant_no_data_leak" time="0.370" /><testcase classname="tests.test_tenant_isolation.TestCrossTenantWrite" name="test_leave_approve_reject_cross_tenant_404" time="0.284" /><testcase classname="tests.test_tenant_isolation.TestCrossTenantWrite" name="test_payroll_status_adjust_cross_tenant_404" time="0.293" /><testcase classname="tests.test_tenant_isolation.TestCrossTenantWrite" name="test_task_create_with_foreign_assignee_blocked" time="0.147" /><testcase classname="tests.backend_test.TestEmployees" name="test_list_employees_admin" time="0.699" /><testcase classname="tests.test_myspace.TestExistingModulesRegression" name="test_admin_endpoints_ok[/api/dashboard]" time="0.504" /><testcase classname="tests.test_myspace.TestExistingModulesRegression" name="test_admin_endpoints_ok[/api/employees]" time="0.069" /><testcase classname="tests.test_myspace.TestExistingModulesRegression" name="test_admin_endpoints_ok[/api/attendance/me]" time="0.222" /><testcase classname="tests.test_myspace.TestExistingModulesRegression" name="test_admin_endpoints_ok[/api/attendance]" time="0.067" /><testcase classname="tests.backend_test.TestEmployees" name="test_list_employees_leader_scoped" time="0.472" /><testcase classname="tests.test_myspace.TestExistingModulesRegression" name="test_admin_endpoints_ok[/api/tasks]" time="0.067" /><testcase classname="tests.backend_test.TestEmployees" name="test_create_employee_and_persist" time="0.325" /><testcase classname="tests.test_myspace.TestExistingModulesRegression" name="test_admin_endpoints_ok[/api/leaves]" time="0.269" /><testcase classname="tests.test_myspace.TestExistingModulesRegression" name="test_admin_endpoints_ok[/api/notifications]" time="0.069" /><testcase classname="tests.backend_test.TestEmployees" name="test_created_employee_can_login" time="0.399" /><testcase classname="tests.test_myspace.TestExistingModulesRegression" name="test_admin_endpoints_ok[/api/company]" time="0.063" /><testcase classname="tests.test_myspace.TestExistingModulesRegression" name="test_admin_endpoints_ok[/api/departments]" time="0.260" /><testcase classname="tests.test_myspace.TestExistingModulesRegression" name="test_admin_endpoints_ok[/api/designations]" time="0.102" /><testcase classname="tests.backend_test.TestEmployees" name="test_duplicate_email_rejected" time="0.055" /><testcase classname="tests.test_myspace.TestExistingModulesRegression" name="test_admin_endpoints_ok[/api/shifts]" time="0.065" /><testcase classname="tests.backend_test.TestEmployees" name="test_update_salary" time="0.097" /><testcase classname="tests.backend_test.TestTasks" name="test_list_tasks_admin" time="0.071" /><testcase classname="tests.backend_test.TestEmployees" name="test_employee_not_found" time="0.090" /><testcase classname="tests.backend_test.TestTasks" name="test_create_task_with_checklist" time="0.395" /><testcase classname="tests.backend_test.TestTasks" name="test_status_change_persists" time="0.172" /><testcase classname="tests.backend_test.TestEmployees" name="test_staff_cannot_create_employee" time="0.463" /><testcase classname="tests.backend_test.TestEmployees" name="test_staff_cannot_set_salary" time="0.151" /><testcase classname="tests.backend_test.TestTasks" name="test_checklist_toggle_and_add" time="0.233" /><testcase classname="tests.backend_test.TestPayroll" name="test_generate_payroll" time="0.072" /><testcase classname="tests.backend_test.TestPayroll" name="test_list_payroll" time="0.048" /><testcase classname="tests.backend_test.TestPayroll" name="test_adjust_payroll_recalculates" time="0.051" /><testcase classname="tests.backend_test.TestTasks" name="test_comments" time="0.110" /><testcase classname="tests.backend_test.TestPayroll" name="test_status_change_and_staff_visibility" time="0.636" /><testcase classname="tests.backend_test.TestTasks" name="test_staff_only_sees_own_tasks" time="0.461" /><testcase classname="tests.backend_test.TestTasks" name="test_staff_cannot_create_task" time="0.054" /><testcase classname="tests.backend_test.TestPayroll" name="test_payslip_detail" time="0.366" /><testcase classname="tests.backend_test.TestTasks" name="test_leader_can_create_task" time="0.567" /><testcase classname="tests.backend_test.TestPayroll" name="test_staff_cannot_list_payroll" time="0.060" /><testcase classname="tests.backend_test.TestPayroll" name="test_staff_cannot_generate_payroll" time="0.074" /><testcase classname="tests.backend_test.TestPayroll" name="test_payslip_idor" time="0.229" /><testcase classname="tests.backend_test.TestTasks" name="test_task_not_found" time="0.101" /><testcase classname="tests.test_tenant_isolation.TestOnboardingChecks" name="test_resolve_tenant" time="0.148" /><testcase classname="tests.backend_test.TestPayroll" name="test_payslip_not_found" time="0.089" /><testcase classname="tests.test_tenant_isolation.TestOnboardingChecks" name="test_resolve_unknown_tenant_404" time="0.141" /><testcase classname="tests.backend_test.TestAttendance" name="test_admin_attendance_list" time="0.056" /><testcase classname="tests.backend_test.TestAttendance" name="test_attendance_status_filter" time="0.046" /><testcase classname="tests.test_tenant_isolation.TestOnboardingChecks" name="test_slug_unavailable[route39]" time="0.163" /><testcase classname="tests.backend_test.TestAttendance" name="test_attendance_department_filter" time="0.104" /><testcase classname="tests.backend_test.TestAttendance" name="test_staff_cannot_list_all_attendance" time="0.072" /><testcase classname="tests.test_tenant_isolation.TestOnboardingChecks" name="test_slug_unavailable[demo]" time="0.146" /><testcase classname="tests.backend_test.TestAttendance" name="test_mark_attendance_admin" time="0.213" /><testcase classname="tests.test_tenant_isolation.TestOnboardingChecks" name="test_slug_unavailable[api]" time="0.149" /><testcase classname="tests.backend_test.TestAttendance" name="test_edit_attendance" time="0.158" /><testcase classname="tests.test_tenant_isolation.TestOnboardingChecks" name="test_slug_unavailable[admin]" time="0.100" /><testcase classname="tests.test_tenant_isolation.TestOnboardingChecks" name="test_slug_unavailable[attendy]" time="0.141" /><testcase classname="tests.backend_test.TestAttendance" name="test_staff_my_attendance" time="0.278" /><testcase classname="tests.test_tenant_isolation.TestOnboardingChecks" name="test_slug_available_fresh" time="0.092" /><testcase classname="tests.test_tenant_isolation.TestOnboardingChecks" name="test_slug_invalid_short" time="0.148" /><testcase classname="tests.backend_test.TestAttendance" name="test_checkin_checkout_flow" time="0.249" /><testcase classname="tests.backend_test.TestLeave" name="test_staff_apply_leave" time="0.123" /><testcase classname="tests.backend_test.TestLeave" name="test_leave_balance_shape" time="0.065" /><testcase classname="tests.backend_test.TestAuth" name="test_login_admin" time="0.054" /><testcase classname="tests.backend_test.TestLeave" name="test_staff_cannot_list_all_leaves" time="0.055" /><testcase classname="tests.backend_test.TestAuth" name="test_login_invalid_password" time="0.293" /><testcase classname="tests.backend_test.TestLeave" name="test_admin_lists_leaves" time="0.252" /><testcase classname="tests.backend_test.TestAuth" name="test_login_unknown_email" time="0.078" /><testcase classname="tests.backend_test.TestLeave" name="test_approve_leave_side_effects" time="0.320" /><testcase classname="tests.backend_test.TestAuth" name="test_me_requires_auth" time="0.059" /><testcase classname="tests.backend_test.TestAuth" name="test_bad_token_rejected" time="0.070" /><testcase classname="tests.backend_test.TestAuth" name="test_staff_login_has_employee" time="0.106" /><testcase classname="tests.backend_test.TestAuth" name="test_logout" time="0.073" /><testcase classname="tests.backend_test.TestLeave" name="test_reject_flow" time="0.108" /><testcase classname="tests.test_myspace.TestMySpaceCrud" name="test_list_empty_ok" time="0.062" /><testcase classname="tests.backend_test.TestLeave" name="test_approve_missing_leave" time="0.066" /><testcase classname="tests.test_myspace.TestMySpaceCrud" name="test_create_note_and_get" time="0.174" /><testcase classname="tests.test_myspace_status.TestDefaultStatus" name="test_create_defaults_to_new[note]" time="0.126" /><testcase classname="tests.test_myspace.TestMySpaceCrud" name="test_update_persists" time="0.205" /><testcase classname="tests.test_myspace_status.TestDefaultStatus" name="test_create_defaults_to_new[reminder]" time="0.124" /><testcase classname="tests.test_myspace_status.TestDefaultStatus" name="test_create_defaults_to_new[checklist]" time="0.121" /><testcase classname="tests.test_myspace.TestMySpaceCrud" name="test_checklist_and_table_payloads" time="0.276" /><testcase classname="tests.test_myspace_status.TestDefaultStatus" name="test_create_defaults_to_new[table]" time="0.120" /><testcase classname="tests.test_myspace_status.TestDefaultStatus" name="test_create_defaults_to_new[file]" time="0.127" /><testcase classname="tests.test_myspace.TestMySpaceCrud" name="test_pin_toggle" time="0.305" /><testcase classname="tests.test_myspace_status.TestDefaultStatus" name="test_create_with_explicit_status" time="0.180" /><testcase classname="tests.test_myspace_status.TestDefaultStatus" name="test_create_invalid_status_422" time="0.449" /><testcase classname="tests.test_myspace.TestMySpaceCrud" name="test_filters_and_search" time="0.344" /><testcase classname="tests.test_myspace.TestMySpaceCrud" name="test_delete_and_verify" time="1.174" /><testcase classname="tests.test_tenant_isolation.TestCrossTenantRead" name="test_employees_list_scoped" time="1.183" /><testcase classname="tests.backend_test.TestSettings" name="test_company_get" time="0.048" /><testcase classname="tests.test_tenant_isolation.TestCrossTenantRead" name="test_get_employee_cross_tenant_404" time="0.090" /><testcase classname="tests.backend_test.TestSettings" name="test_masters_lists" time="0.152" /><testcase classname="tests.test_tenant_isolation.TestCrossTenantRead" name="test_get_task_cross_tenant_404" time="0.057" /><testcase classname="tests.test_tenant_isolation.TestCrossTenantRead" name="test_tasks_list_scoped" time="0.088" /><testcase classname="tests.backend_test.TestSettings" name="test_add_delete_department" time="0.280" /><testcase classname="tests.test_tenant_isolation.TestCrossTenantRead" name="test_attendance_list_scoped" time="0.058" /><testcase classname="tests.test_tenant_isolation.TestCrossTenantRead" name="test_payslip_cross_tenant_403" time="0.094" /><testcase classname="tests.test_tenant_isolation.TestCrossTenantRead" name="test_dashboard_scoped" time="0.113" /><testcase classname="tests.backend_test.TestSettings" name="test_staff_cannot_update_company" time="0.061" /><testcase classname="tests.test_myspace.TestVisibility" name="test_private_item_hidden_from_admin" time="0.224" /><testcase classname="tests.backend_test.TestSettings" name="test_staff_cannot_add_department" time="0.082" /><testcase classname="tests.backend_test.TestSettings" name="test_leader_cannot_add_department" time="0.071" /><testcase classname="tests.test_myspace_status.TestStatusUpdate" name="test_put_status_transitions_persist" time="0.714" /><testcase classname="tests.test_myspace.TestVisibility" name="test_company_item_visible_to_admin" time="0.227" /><testcase classname="tests.test_myspace.TestVisibility" name="test_team_item_visible_to_admin_and_leader" time="0.261" /><testcase classname="tests.test_myspace.TestVisibility" name="test_non_owner_cannot_edit_or_delete" time="0.311" /><testcase classname="tests.test_myspace_status.TestStatusUpdate" name="test_put_invalid_status_422" time="0.289" /><testcase classname="tests.test_myspace.TestVisibility" name="test_requires_auth" time="0.364" /><testcase classname="tests.test_myspace_status.TestStatusUpdate" name="test_status_only_put_preserves_other_fields" time="0.199" /><testcase classname="tests.test_tenant_isolation.TestSignup" name="test_signup_creates_isolated_org" time="1.085" /><testcase classname="tests.test_myspace_status.TestStatusUpdate" name="test_non_owner_cannot_change_status" time="0.391" /><testcase classname="tests.test_myspace_status.TestStatusUpdate" name="test_cross_tenant_status_update_404" time="1.068" /><testcase classname="tests.test_tenant_isolation.TestSignup" name="test_signup_duplicate_slug_rejected" time="0.106" /><testcase classname="tests.test_tenant_isolation.TestSignup" name="test_signup_reserved_slug_rejected" time="0.199" /><testcase classname="tests.test_tenant_isolation.TestSignup" name="test_signup_duplicate_email_rejected" time="0.136" /><testcase classname="tests.test_tenant_isolation.TestSignup" name="test_signup_invalid_slug_rejected" time="0.257" /><testcase classname="tests.test_tenant_isolation.TestTenantLogin" name="test_login_wrong_tenant_slug_403" time="0.352" /><testcase classname="tests.test_tenant_isolation.TestPlatform" name="test_super_admin_lists_companies" time="0.663" /><testcase classname="tests.test_tenant_isolation.TestTenantLogin" name="test_login_matching_slug_200" time="0.589" /><testcase classname="tests.test_tenant_isolation.TestPlatform" name="test_company_admin_forbidden" time="0.577" /><testcase classname="tests.test_tenant_isolation.TestPlatform" name="test_platform_requires_auth" time="0.152" /><testcase classname="tests.test_tenant_isolation.TestTenantLogin" name="test_login_no_slug_backward_compatible" time="0.353" /><testcase classname="tests.test_tenant_isolation.TestPlatform" name="test_toggle_status_blocks_login_then_restore" time="1.431" /><testcase classname="tests.test_tenant_isolation.TestTenantLogin" name="test_login_unknown_slug_403" time="0.347" /><testcase classname="tests.backend_test.TestDashboard" name="test_admin_dashboard" time="0.236" /><testcase classname="tests.backend_test.TestDashboard" name="test_leader_dashboard_scoped" time="0.139" /><testcase classname="tests.backend_test.TestDashboard" name="test_staff_dashboard" time="0.056" /><testcase classname="tests.test_myspace_status.TestStatusFilter" name="test_filter_by_status" time="0.410" /><testcase classname="tests.test_myspace_status.TestStatusFilter" name="test_status_and_type_filter_combine" time="0.150" /><testcase classname="tests.test_tenant_isolation.TestPlatform" name="test_super_admin_cannot_be_toggled_off_by_admin" time="0.300" /><testcase classname="tests.test_myspace_status.TestStatusFilter" name="test_all_listed_items_have_status" time="0.057" /><testcase classname="tests.test_myspace_status.TestIndependence" name="test_pin_does_not_change_status" time="0.171" /><testcase classname="tests.test_myspace.TestUploads" name="test_image_upload_and_fetch" time="0.265" /><testcase classname="tests.test_myspace_status.TestIndependence" name="test_visibility_change_keeps_status" time="0.183" /><testcase classname="tests.test_myspace_status.TestIndependence" name="test_reminder_fields_independent_of_status" time="0.495" /><testcase classname="tests.test_myspace.TestUploads" name="test_file_cross_user_denied" time="0.258" /><testcase classname="tests.test_myspace.TestUploads" name="test_oversize_rejected" time="0.692" /><testcase classname="tests.backend_test.TestNotifications" name="test_list_and_read_all" time="0.253" /><testcase classname="tests.backend_test.TestNotifications" name="test_notifications_require_auth" time="0.054" /><testcase classname="tests.backend_test.TestZZCleanup" name="test_cleanup" time="0.193" /><testcase classname="tests.test_myspace.TestReminderNotification" name="test_past_reminder_creates_notification" time="1.181" /><testcase classname="tests.test_myspace.TestTenantIsolation" name="test_cross_org_read_write_404" time="0.972" /><testcase classname="tests.test_myspace.TestReminderNotification" name="test_future_reminder_no_notification" time="1.056" /></testsuite></testsuites>