<?xml version="1.0" encoding="utf-8"?><testsuites name="pytest tests"><testsuite name="pytest" errors="0" failures="0" skipped="0" tests="29" time="5.422" timestamp="2026-08-25T10:30:40.658998+00:00" hostname="agent-env-7826d68b-ab84-4380-8a09-8b493e18cfcb"><testcase classname="tests.test_myspace.TestMySpaceCrud" name="test_list_empty_ok" time="0.547" /><testcase classname="tests.test_myspace.TestMySpaceCrud" name="test_create_note_and_get" time="0.129" /><testcase classname="tests.test_myspace.TestExistingModulesRegression" name="test_admin_endpoints_ok[/api/dashboard]" time="0.621" /><testcase classname="tests.test_myspace.TestExistingModulesRegression" name="test_admin_endpoints_ok[/api/employees]" time="0.066" /><testcase classname="tests.test_myspace.TestMySpaceCrud" name="test_update_persists" time="0.179" /><testcase classname="tests.test_myspace.TestExistingModulesRegression" name="test_admin_endpoints_ok[/api/attendance/me]" time="0.074" /><testcase classname="tests.test_myspace.TestExistingModulesRegression" name="test_admin_endpoints_ok[/api/attendance]" time="0.307" /><testcase classname="tests.test_myspace.TestMySpaceCrud" name="test_checklist_and_table_payloads" time="0.221" /><testcase classname="tests.test_myspace.TestExistingModulesRegression" name="test_admin_endpoints_ok[/api/tasks]" time="0.076" /><testcase classname="tests.test_myspace.TestMySpaceCrud" name="test_pin_toggle" time="0.265" /><testcase classname="tests.test_myspace.TestExistingModulesRegression" name="test_admin_endpoints_ok[/api/leaves]" time="0.056" /><testcase classname="tests.test_myspace.TestExistingModulesRegression" name="test_admin_endpoints_ok[/api/notifications]" time="0.060" /><testcase classname="tests.test_myspace.TestExistingModulesRegression" name="test_admin_endpoints_ok[/api/company]" time="0.099" /><testcase classname="tests.test_myspace.TestMySpaceCrud" name="test_filters_and_search" time="0.342" /><testcase classname="tests.test_myspace.TestExistingModulesRegression" name="test_admin_endpoints_ok[/api/departments]" time="0.072" /><testcase classname="tests.test_myspace.TestExistingModulesRegression" name="test_admin_endpoints_ok[/api/designations]" time="0.068" /><testcase classname="tests.test_myspace.TestExistingModulesRegression" name="test_admin_endpoints_ok[/api/shifts]" time="0.070" /><testcase classname="tests.test_myspace.TestMySpaceCrud" name="test_delete_and_verify" time="0.363" /><testcase classname="tests.test_myspace.TestUploads" name="test_image_upload_and_fetch" time="0.826" /><testcase classname="tests.test_myspace.TestVisibility" name="test_private_item_hidden_from_admin" time="0.544" /><testcase classname="tests.test_myspace.TestUploads" name="test_file_cross_user_denied" time="0.278" /><testcase classname="tests.test_myspace.TestVisibility" name="test_company_item_visible_to_admin" time="0.202" /><testcase classname="tests.test_myspace.TestUploads" name="test_oversize_rejected" time="0.796" /><testcase classname="tests.test_myspace.TestVisibility" name="test_team_item_visible_to_admin_and_leader" time="0.499" /><testcase classname="tests.test_myspace.TestVisibility" name="test_non_owner_cannot_edit_or_delete" time="0.260" /><testcase classname="tests.test_myspace.TestReminderNotification" name="test_past_reminder_creates_notification" time="1.123" /><testcase classname="tests.test_myspace.TestVisibility" name="test_requires_auth" time="0.128" /><testcase classname="tests.test_myspace.TestTenantIsolation" name="test_cross_org_read_write_404" time="1.360" /><testcase classname="tests.test_myspace.TestReminderNotification" name="test_future_reminder_no_notification" time="0.433" /></testsuite></testsuites>