<?xml version="1.0" encoding="utf-8"?><testsuites name="pytest tests"><testsuite name="pytest" errors="0" failures="8" skipped="0" tests="123" time="16.219" timestamp="2026-08-25T10:00:55.606733+00:00" hostname="agent-env-7826d68b-ab84-4380-8a09-8b493e18cfcb"><testcase classname="tests.test_tenant_edge_cases" name="test_super_admin_tenant_endpoints_no_500[/api/company]" time="0.619" /><testcase classname="tests.test_tenant_edge_cases" name="test_super_admin_tenant_endpoints_no_500[/api/employees]" time="0.042" /><testcase classname="tests.test_tenant_edge_cases" name="test_super_admin_tenant_endpoints_no_500[/api/tasks]" time="0.048" /><testcase classname="tests.test_tenant_edge_cases" name="test_super_admin_tenant_endpoints_no_500[/api/departments]" time="0.247" /><testcase classname="tests.test_tenant_edge_cases" name="test_super_admin_tenant_endpoints_no_500[/api/designations]" time="0.045" /><testcase classname="tests.test_tenant_edge_cases" name="test_super_admin_tenant_endpoints_no_500[/api/shifts]" time="0.042" /><testcase classname="tests.test_tenant_edge_cases" name="test_super_admin_tenant_endpoints_no_500[/api/dashboard]" time="0.049" /><testcase classname="tests.test_tenant_edge_cases" name="test_super_admin_tenant_endpoints_no_500[/api/notifications]" time="0.085" /><testcase classname="tests.test_tenant_edge_cases" name="test_super_admin_tenant_endpoints_no_500[/api/attendance/me]" time="0.049" /><testcase classname="tests.test_tenant_edge_cases" name="test_super_admin_tenant_endpoints_no_500[/api/leaves/me]" time="0.044" /><testcase classname="tests.test_tenant_edge_cases" name="test_super_admin_tenant_endpoints_no_500[/api/payroll/me]" time="0.092" /><testcase classname="tests.test_tenant_isolation.TestCrossTenantWrite" name="test_task_status_cross_tenant_noop" time="1.588" /><testcase classname="tests.test_tenant_edge_cases" name="test_unauthenticated_blocked[get-/api/employees]" time="0.088" /><testcase classname="tests.test_tenant_edge_cases" name="test_unauthenticated_blocked[get-/api/tasks]" time="0.137" /><testcase classname="tests.test_tenant_isolation.TestCrossTenantWrite" name="test_task_status_cross_tenant_no_data_leak" time="0.063"><failure message="AssertionError: LEAK: PUT /tasks/{id}/status returned 200 with foreign task body: {&quot;id&quot;:&quot;adbeba3f-b527-46b9-8346-b12e9437c544&quot;,&quot;org_id&quot;:&quot;f4e28c11-caf8-4428-a5b5-a1e6e0db8ed6&quot;,&quot;title&quot;:&quot;Audit attendance records&quot;,&quot;description&quot;:&quot;Verify last month's anomalies.&quot;,&quot;assignee_id&quot;:&quot;4e25c300-7&#10;assert 200 in (403, 404)&#10; +  where 200 = &lt;Response [200]&gt;.status_code">E   AssertionError: LEAK: PUT /tasks/{id}/status returned 200 with foreign task body: {"id":"adbeba3f-b527-46b9-8346-b12e9437c544","org_id":"f4e28c11-caf8-4428-a5b5-a1e6e0db8ed6","title":"Audit attendance records","description":"Verify last month's anomalies.","assignee_id":"4e25c300-7
    assert 200 in (403, 404)
     +  where 200 = &lt;Response [200]&gt;.status_code</failure></testcase><testcase classname="tests.test_tenant_edge_cases" name="test_unauthenticated_blocked[get-/api/dashboard]" time="0.101" /><testcase classname="tests.test_tenant_isolation.TestCrossTenantWrite" name="test_task_update_cross_tenant_no_data_leak" time="0.058"><failure message="AssertionError: LEAK: PUT /tasks/{id} returned 200 with foreign task body: {&quot;id&quot;:&quot;adbeba3f-b527-46b9-8346-b12e9437c544&quot;,&quot;org_id&quot;:&quot;f4e28c11-caf8-4428-a5b5-a1e6e0db8ed6&quot;,&quot;title&quot;:&quot;Audit attendance records&quot;,&quot;description&quot;:&quot;Verify last month's anomalies.&quot;,&quot;assignee_id&quot;:&quot;4e25c300-7&#10;assert 200 in (403, 404)&#10; +  where 200 = &lt;Response [200]&gt;.status_code">E   AssertionError: LEAK: PUT /tasks/{id} returned 200 with foreign task body: {"id":"adbeba3f-b527-46b9-8346-b12e9437c544","org_id":"f4e28c11-caf8-4428-a5b5-a1e6e0db8ed6","title":"Audit attendance records","description":"Verify last month's anomalies.","assignee_id":"4e25c300-7
    assert 200 in (403, 404)
     +  where 200 = &lt;Response [200]&gt;.status_code</failure></testcase><testcase classname="tests.test_tenant_edge_cases" name="test_unauthenticated_blocked[get-/api/company]" time="0.140" /><testcase classname="tests.test_tenant_isolation.TestCrossTenantWrite" name="test_task_comment_cross_tenant_no_data_leak" time="0.148"><failure message="AssertionError: LEAK: POST /tasks/{id}/comments returned 200 with foreign task body: {&quot;id&quot;:&quot;adbeba3f-b527-46b9-8346-b12e9437c544&quot;,&quot;org_id&quot;:&quot;f4e28c11-caf8-4428-a5b5-a1e6e0db8ed6&quot;,&quot;title&quot;:&quot;Audit attendance records&quot;,&quot;description&quot;:&quot;Verify last month's anomalies.&quot;,&quot;assignee_id&quot;:&quot;4e25c300-7&#10;assert 200 in (403, 404)&#10; +  where 200 = &lt;Response [200]&gt;.status_code">E   AssertionError: LEAK: POST /tasks/{id}/comments returned 200 with foreign task body: {"id":"adbeba3f-b527-46b9-8346-b12e9437c544","org_id":"f4e28c11-caf8-4428-a5b5-a1e6e0db8ed6","title":"Audit attendance records","description":"Verify last month's anomalies.","assignee_id":"4e25c300-7
    assert 200 in (403, 404)
     +  where 200 = &lt;Response [200]&gt;.status_code</failure></testcase><testcase classname="tests.test_tenant_edge_cases" name="test_unauthenticated_blocked[get-/api/platform/companies]" time="0.103" /><testcase classname="tests.test_tenant_isolation.TestCrossTenantWrite" name="test_task_checklist_add_cross_tenant_no_data_leak" time="0.420"><failure message="AssertionError: LEAK: POST /tasks/{id}/checklist returned 200 with foreign task body: {&quot;id&quot;:&quot;adbeba3f-b527-46b9-8346-b12e9437c544&quot;,&quot;org_id&quot;:&quot;f4e28c11-caf8-4428-a5b5-a1e6e0db8ed6&quot;,&quot;title&quot;:&quot;Audit attendance records&quot;,&quot;description&quot;:&quot;Verify last month's anomalies.&quot;,&quot;assignee_id&quot;:&quot;4e25c300-7&#10;assert 200 in (403, 404)&#10; +  where 200 = &lt;Response [200]&gt;.status_code">E   AssertionError: LEAK: POST /tasks/{id}/checklist returned 200 with foreign task body: {"id":"adbeba3f-b527-46b9-8346-b12e9437c544","org_id":"f4e28c11-caf8-4428-a5b5-a1e6e0db8ed6","title":"Audit attendance records","description":"Verify last month's anomalies.","assignee_id":"4e25c300-7
    assert 200 in (403, 404)
     +  where 200 = &lt;Response [200]&gt;.status_code</failure></testcase><testcase classname="tests.test_tenant_edge_cases" name="test_no_lockout_after_repeated_failures" time="2.392" /><testcase classname="tests.test_tenant_isolation.TestCrossTenantWrite" name="test_task_checklist_cross_tenant_noop" time="0.339"><failure message="AssertionError: expected 404/403 (no-op leaks doc), got 200&#10;assert 200 in (403, 404)&#10; +  where 200 = &lt;Response [200]&gt;.status_code">E   AssertionError: expected 404/403 (no-op leaks doc), got 200
    assert 200 in (403, 404)
     +  where 200 = &lt;Response [200]&gt;.status_code</failure></testcase><testcase classname="tests.test_tenant_isolation.TestCrossTenantWrite" name="test_task_update_cross_tenant_noop" time="0.321" /><testcase classname="tests.test_tenant_isolation.TestCrossTenantWrite" name="test_task_delete_cross_tenant_noop" time="0.098" /><testcase classname="tests.test_tenant_isolation.TestCrossTenantWrite" name="test_attendance_edit_cross_tenant_noop" time="0.303"><failure message="AssertionError: expected 404/403, got 200 null&#10;assert 200 in (403, 404)&#10; +  where 200 = &lt;Response [200]&gt;.status_code">E   AssertionError: expected 404/403, got 200 null
    assert 200 in (403, 404)
     +  where 200 = &lt;Response [200]&gt;.status_code</failure></testcase><testcase classname="tests.test_tenant_isolation.TestCrossTenantWrite" name="test_attendance_mark_cross_tenant_404" time="0.268" /><testcase classname="tests.test_tenant_isolation.TestCrossTenantWrite" name="test_employee_update_cross_tenant_no_data_leak" time="0.372"><failure message="AssertionError: expected 404/403, got 200&#10;assert 200 in (403, 404)&#10; +  where 200 = &lt;Response [200]&gt;.status_code">E   AssertionError: expected 404/403, got 200
    assert 200 in (403, 404)
     +  where 200 = &lt;Response [200]&gt;.status_code</failure></testcase><testcase classname="tests.test_tenant_isolation.TestCrossTenantWrite" name="test_employee_salary_cross_tenant_no_data_leak" time="0.402"><failure message="AssertionError: expected 404/403, got 200&#10;assert 200 in (403, 404)&#10; +  where 200 = &lt;Response [200]&gt;.status_code">E   AssertionError: expected 404/403, got 200
    assert 200 in (403, 404)
     +  where 200 = &lt;Response [200]&gt;.status_code</failure></testcase><testcase classname="tests.test_tenant_isolation.TestCrossTenantWrite" name="test_leave_approve_reject_cross_tenant_404" time="0.352" /><testcase classname="tests.backend_test.TestEmployees" name="test_list_employees_admin" time="0.398" /><testcase classname="tests.test_tenant_isolation.TestCrossTenantWrite" name="test_payroll_status_adjust_cross_tenant_404" time="0.329" /><testcase classname="tests.backend_test.TestEmployees" name="test_list_employees_leader_scoped" time="0.431" /><testcase classname="tests.test_tenant_isolation.TestCrossTenantWrite" name="test_task_create_with_foreign_assignee_blocked" time="0.372" /><testcase classname="tests.backend_test.TestEmployees" name="test_create_employee_and_persist" time="0.366" /><testcase classname="tests.backend_test.TestEmployees" name="test_created_employee_can_login" time="0.485" /><testcase classname="tests.backend_test.TestTasks" name="test_list_tasks_admin" time="0.570" /><testcase classname="tests.backend_test.TestEmployees" name="test_duplicate_email_rejected" time="0.106" /><testcase classname="tests.backend_test.TestTasks" name="test_create_task_with_checklist" time="0.323" /><testcase classname="tests.backend_test.TestEmployees" name="test_update_salary" time="0.135" /><testcase classname="tests.backend_test.TestEmployees" name="test_employee_not_found" time="0.057" /><testcase classname="tests.backend_test.TestTasks" name="test_status_change_persists" time="0.351" /><testcase classname="tests.backend_test.TestEmployees" name="test_staff_cannot_create_employee" time="0.421" /><testcase classname="tests.backend_test.TestTasks" name="test_checklist_toggle_and_add" time="0.385" /><testcase classname="tests.backend_test.TestEmployees" name="test_staff_cannot_set_salary" time="0.124" /><testcase classname="tests.backend_test.TestPayroll" name="test_generate_payroll" time="0.073" /><testcase classname="tests.backend_test.TestPayroll" name="test_list_payroll" time="0.067" /><testcase classname="tests.backend_test.TestPayroll" name="test_adjust_payroll_recalculates" time="0.065" /><testcase classname="tests.backend_test.TestPayroll" name="test_status_change_and_staff_visibility" time="0.614" /><testcase classname="tests.backend_test.TestTasks" name="test_comments" time="0.097" /><testcase classname="tests.backend_test.TestTasks" name="test_staff_only_sees_own_tasks" time="0.498" /><testcase classname="tests.backend_test.TestTasks" name="test_staff_cannot_create_task" time="0.045" /><testcase classname="tests.backend_test.TestPayroll" name="test_payslip_detail" time="0.121" /><testcase classname="tests.backend_test.TestPayroll" name="test_staff_cannot_list_payroll" time="0.242" /><testcase classname="tests.backend_test.TestPayroll" name="test_staff_cannot_generate_payroll" time="0.051" /><testcase classname="tests.backend_test.TestTasks" name="test_leader_can_create_task" time="0.449" /><testcase classname="tests.backend_test.TestPayroll" name="test_payslip_idor" time="0.164" /><testcase classname="tests.backend_test.TestTasks" name="test_task_not_found" time="0.094" /><testcase classname="tests.test_tenant_isolation.TestOnboardingChecks" name="test_resolve_tenant" time="0.121" /><testcase classname="tests.backend_test.TestPayroll" name="test_payslip_not_found" time="0.058" /><testcase classname="tests.backend_test.TestAttendance" name="test_admin_attendance_list" time="0.070" /><testcase classname="tests.test_tenant_isolation.TestOnboardingChecks" name="test_resolve_unknown_tenant_404" time="0.099" /><testcase classname="tests.backend_test.TestAttendance" name="test_attendance_status_filter" time="0.058" /><testcase classname="tests.backend_test.TestAttendance" name="test_attendance_department_filter" time="0.128" /><testcase classname="tests.test_tenant_isolation.TestOnboardingChecks" name="test_slug_unavailable[route39]" time="0.120" /><testcase classname="tests.backend_test.TestAttendance" name="test_staff_cannot_list_all_attendance" time="0.089" /><testcase classname="tests.test_tenant_isolation.TestOnboardingChecks" name="test_slug_unavailable[demo]" time="0.095" /><testcase classname="tests.backend_test.TestAttendance" name="test_mark_attendance_admin" time="0.263" /><testcase classname="tests.test_tenant_isolation.TestOnboardingChecks" name="test_slug_unavailable[api]" time="0.145" /><testcase classname="tests.test_tenant_isolation.TestOnboardingChecks" name="test_slug_unavailable[admin]" time="0.128" /><testcase classname="tests.backend_test.TestAttendance" name="test_edit_attendance" time="0.202" /><testcase classname="tests.test_tenant_isolation.TestOnboardingChecks" name="test_slug_unavailable[attendy]" time="0.135" /><testcase classname="tests.test_tenant_isolation.TestOnboardingChecks" name="test_slug_available_fresh" time="0.155" /><testcase classname="tests.backend_test.TestAttendance" name="test_staff_my_attendance" time="0.205" /><testcase classname="tests.test_tenant_isolation.TestOnboardingChecks" name="test_slug_invalid_short" time="0.097" /><testcase classname="tests.backend_test.TestAttendance" name="test_checkin_checkout_flow" time="0.192" /><testcase classname="tests.backend_test.TestAuth" name="test_login_admin" time="0.105" /><testcase classname="tests.backend_test.TestAuth" name="test_login_invalid_password" time="0.335" /><testcase classname="tests.backend_test.TestLeave" name="test_staff_apply_leave" time="0.362" /><testcase classname="tests.backend_test.TestAuth" name="test_login_unknown_email" time="0.045" /><testcase classname="tests.backend_test.TestAuth" name="test_me_requires_auth" time="0.047" /><testcase classname="tests.backend_test.TestLeave" name="test_leave_balance_shape" time="0.049" /><testcase classname="tests.backend_test.TestAuth" name="test_bad_token_rejected" time="0.045" /><testcase classname="tests.backend_test.TestAuth" name="test_staff_login_has_employee" time="0.085" /><testcase classname="tests.backend_test.TestLeave" name="test_staff_cannot_list_all_leaves" time="0.047" /><testcase classname="tests.backend_test.TestLeave" name="test_admin_lists_leaves" time="0.109" /><testcase classname="tests.backend_test.TestAuth" name="test_logout" time="0.044" /><testcase classname="tests.backend_test.TestLeave" name="test_approve_leave_side_effects" time="0.689" /><testcase classname="tests.backend_test.TestLeave" name="test_reject_flow" time="0.101" /><testcase classname="tests.backend_test.TestLeave" name="test_approve_missing_leave" time="0.056" /><testcase classname="tests.backend_test.TestSettings" name="test_company_get" time="0.107" /><testcase classname="tests.backend_test.TestSettings" name="test_masters_lists" time="0.221" /><testcase classname="tests.test_tenant_isolation.TestCrossTenantRead" name="test_employees_list_scoped" time="1.127" /><testcase classname="tests.test_tenant_isolation.TestCrossTenantRead" name="test_get_employee_cross_tenant_404" time="0.075" /><testcase classname="tests.test_tenant_isolation.TestCrossTenantRead" name="test_get_task_cross_tenant_404" time="0.075" /><testcase classname="tests.backend_test.TestSettings" name="test_add_delete_department" time="0.259" /><testcase classname="tests.test_tenant_isolation.TestCrossTenantRead" name="test_tasks_list_scoped" time="0.131" /><testcase classname="tests.test_tenant_isolation.TestCrossTenantRead" name="test_attendance_list_scoped" time="0.112" /><testcase classname="tests.backend_test.TestSettings" name="test_staff_cannot_update_company" time="0.092" /><testcase classname="tests.test_tenant_isolation.TestCrossTenantRead" name="test_payslip_cross_tenant_403" time="0.110" /><testcase classname="tests.backend_test.TestSettings" name="test_staff_cannot_add_department" time="0.048" /><testcase classname="tests.backend_test.TestSettings" name="test_leader_cannot_add_department" time="0.088" /><testcase classname="tests.test_tenant_isolation.TestCrossTenantRead" name="test_dashboard_scoped" time="0.118" /><testcase classname="tests.test_tenant_isolation.TestSignup" name="test_signup_creates_isolated_org" time="1.303" /><testcase classname="tests.test_tenant_isolation.TestPlatform" name="test_super_admin_lists_companies" time="0.576" /><testcase classname="tests.test_tenant_isolation.TestPlatform" name="test_company_admin_forbidden" time="0.533" /><testcase classname="tests.test_tenant_isolation.TestPlatform" name="test_platform_requires_auth" time="0.261" /><testcase classname="tests.test_tenant_isolation.TestSignup" name="test_signup_duplicate_slug_rejected" time="0.117" /><testcase classname="tests.test_tenant_isolation.TestPlatform" name="test_toggle_status_blocks_login_then_restore" time="1.041" /><testcase classname="tests.test_tenant_isolation.TestSignup" name="test_signup_reserved_slug_rejected" time="0.114" /><testcase classname="tests.test_tenant_isolation.TestSignup" name="test_signup_duplicate_email_rejected" time="0.243" /><testcase classname="tests.test_tenant_isolation.TestSignup" name="test_signup_invalid_slug_rejected" time="0.109" /><testcase classname="tests.backend_test.TestDashboard" name="test_admin_dashboard" time="0.057" /><testcase classname="tests.backend_test.TestDashboard" name="test_leader_dashboard_scoped" time="0.124" /><testcase classname="tests.backend_test.TestDashboard" name="test_staff_dashboard" time="0.046" /><testcase classname="tests.backend_test.TestNotifications" name="test_list_and_read_all" time="0.455" /><testcase classname="tests.test_tenant_isolation.TestPlatform" name="test_super_admin_cannot_be_toggled_off_by_admin" time="0.266" /><testcase classname="tests.backend_test.TestNotifications" name="test_notifications_require_auth" time="0.045" /><testcase classname="tests.backend_test.TestZZCleanup" name="test_cleanup" time="0.402" /><testcase classname="tests.test_tenant_isolation.TestTenantLogin" name="test_login_wrong_tenant_slug_403" time="0.338" /><testcase classname="tests.test_tenant_isolation.TestTenantLogin" name="test_login_matching_slug_200" time="0.352" /><testcase classname="tests.test_tenant_isolation.TestTenantLogin" name="test_login_no_slug_backward_compatible" time="0.349" /><testcase classname="tests.test_tenant_isolation.TestTenantLogin" name="test_login_unknown_slug_403" time="0.355" /></testsuite></testsuites>