<?xml version="1.0" encoding="utf-8"?><testsuites name="pytest tests"><testsuite name="pytest" errors="0" failures="8" skipped="0" tests="45" time="8.318" timestamp="2026-08-25T09:56:07.014732+00:00" hostname="agent-env-7826d68b-ab84-4380-8a09-8b493e18cfcb"><testcase classname="tests.test_tenant_isolation.TestOnboardingChecks" name="test_resolve_tenant" time="0.879" /><testcase classname="tests.test_tenant_isolation.TestOnboardingChecks" name="test_resolve_unknown_tenant_404" time="0.123" /><testcase classname="tests.test_tenant_isolation.TestOnboardingChecks" name="test_slug_unavailable[route39]" time="0.231" /><testcase classname="tests.test_tenant_isolation.TestOnboardingChecks" name="test_slug_unavailable[demo]" time="0.110" /><testcase classname="tests.test_tenant_isolation.TestOnboardingChecks" name="test_slug_unavailable[api]" time="0.125" /><testcase classname="tests.test_tenant_isolation.TestOnboardingChecks" name="test_slug_unavailable[admin]" time="0.150" /><testcase classname="tests.test_tenant_isolation.TestOnboardingChecks" name="test_slug_unavailable[attendy]" time="0.163" /><testcase classname="tests.test_tenant_isolation.TestCrossTenantWrite" name="test_task_status_cross_tenant_noop" time="1.879" /><testcase classname="tests.test_tenant_isolation.TestOnboardingChecks" name="test_slug_available_fresh" time="0.153" /><testcase classname="tests.test_tenant_isolation.TestCrossTenantWrite" name="test_task_status_cross_tenant_no_data_leak" time="0.057"><failure message="AssertionError: LEAK: PUT /tasks/{id}/status returned 200 with foreign task body: {&quot;id&quot;:&quot;adbeba3f-b527-46b9-8346-b12e9437c544&quot;,&quot;org_id&quot;:&quot;f4e28c11-caf8-4428-a5b5-a1e6e0db8ed6&quot;,&quot;title&quot;:&quot;Audit attendance records&quot;,&quot;description&quot;:&quot;Verify last month's anomalies.&quot;,&quot;assignee_id&quot;:&quot;4e25c300-7&#10;assert 200 in (403, 404)&#10; +  where 200 = &lt;Response [200]&gt;.status_code">E   AssertionError: LEAK: PUT /tasks/{id}/status returned 200 with foreign task body: {"id":"adbeba3f-b527-46b9-8346-b12e9437c544","org_id":"f4e28c11-caf8-4428-a5b5-a1e6e0db8ed6","title":"Audit attendance records","description":"Verify last month's anomalies.","assignee_id":"4e25c300-7
    assert 200 in (403, 404)
     +  where 200 = &lt;Response [200]&gt;.status_code</failure></testcase><testcase classname="tests.test_tenant_isolation.TestCrossTenantWrite" name="test_task_update_cross_tenant_no_data_leak" time="0.057"><failure message="AssertionError: LEAK: PUT /tasks/{id} returned 200 with foreign task body: {&quot;id&quot;:&quot;adbeba3f-b527-46b9-8346-b12e9437c544&quot;,&quot;org_id&quot;:&quot;f4e28c11-caf8-4428-a5b5-a1e6e0db8ed6&quot;,&quot;title&quot;:&quot;Audit attendance records&quot;,&quot;description&quot;:&quot;Verify last month's anomalies.&quot;,&quot;assignee_id&quot;:&quot;4e25c300-7&#10;assert 200 in (403, 404)&#10; +  where 200 = &lt;Response [200]&gt;.status_code">E   AssertionError: LEAK: PUT /tasks/{id} returned 200 with foreign task body: {"id":"adbeba3f-b527-46b9-8346-b12e9437c544","org_id":"f4e28c11-caf8-4428-a5b5-a1e6e0db8ed6","title":"Audit attendance records","description":"Verify last month's anomalies.","assignee_id":"4e25c300-7
    assert 200 in (403, 404)
     +  where 200 = &lt;Response [200]&gt;.status_code</failure></testcase><testcase classname="tests.test_tenant_isolation.TestOnboardingChecks" name="test_slug_invalid_short" time="0.156" /><testcase classname="tests.test_tenant_isolation.TestCrossTenantWrite" name="test_task_comment_cross_tenant_no_data_leak" time="0.199"><failure message="AssertionError: LEAK: POST /tasks/{id}/comments returned 200 with foreign task body: {&quot;id&quot;:&quot;adbeba3f-b527-46b9-8346-b12e9437c544&quot;,&quot;org_id&quot;:&quot;f4e28c11-caf8-4428-a5b5-a1e6e0db8ed6&quot;,&quot;title&quot;:&quot;Audit attendance records&quot;,&quot;description&quot;:&quot;Verify last month's anomalies.&quot;,&quot;assignee_id&quot;:&quot;4e25c300-7&#10;assert 200 in (403, 404)&#10; +  where 200 = &lt;Response [200]&gt;.status_code">E   AssertionError: LEAK: POST /tasks/{id}/comments returned 200 with foreign task body: {"id":"adbeba3f-b527-46b9-8346-b12e9437c544","org_id":"f4e28c11-caf8-4428-a5b5-a1e6e0db8ed6","title":"Audit attendance records","description":"Verify last month's anomalies.","assignee_id":"4e25c300-7
    assert 200 in (403, 404)
     +  where 200 = &lt;Response [200]&gt;.status_code</failure></testcase><testcase classname="tests.test_tenant_isolation.TestCrossTenantWrite" name="test_task_checklist_add_cross_tenant_no_data_leak" time="0.637"><failure message="AssertionError: LEAK: POST /tasks/{id}/checklist returned 200 with foreign task body: {&quot;id&quot;:&quot;adbeba3f-b527-46b9-8346-b12e9437c544&quot;,&quot;org_id&quot;:&quot;f4e28c11-caf8-4428-a5b5-a1e6e0db8ed6&quot;,&quot;title&quot;:&quot;Audit attendance records&quot;,&quot;description&quot;:&quot;Verify last month's anomalies.&quot;,&quot;assignee_id&quot;:&quot;4e25c300-7&#10;assert 200 in (403, 404)&#10; +  where 200 = &lt;Response [200]&gt;.status_code">E   AssertionError: LEAK: POST /tasks/{id}/checklist returned 200 with foreign task body: {"id":"adbeba3f-b527-46b9-8346-b12e9437c544","org_id":"f4e28c11-caf8-4428-a5b5-a1e6e0db8ed6","title":"Audit attendance records","description":"Verify last month's anomalies.","assignee_id":"4e25c300-7
    assert 200 in (403, 404)
     +  where 200 = &lt;Response [200]&gt;.status_code</failure></testcase><testcase classname="tests.test_tenant_isolation.TestCrossTenantWrite" name="test_task_checklist_cross_tenant_noop" time="0.198"><failure message="AssertionError: expected 404/403 (no-op leaks doc), got 200&#10;assert 200 in (403, 404)&#10; +  where 200 = &lt;Response [200]&gt;.status_code">E   AssertionError: expected 404/403 (no-op leaks doc), got 200
    assert 200 in (403, 404)
     +  where 200 = &lt;Response [200]&gt;.status_code</failure></testcase><testcase classname="tests.test_tenant_isolation.TestCrossTenantWrite" name="test_task_update_cross_tenant_noop" time="0.124" /><testcase classname="tests.test_tenant_isolation.TestCrossTenantWrite" name="test_task_delete_cross_tenant_noop" time="0.125" /><testcase classname="tests.test_tenant_isolation.TestCrossTenantWrite" name="test_attendance_edit_cross_tenant_noop" time="0.125"><failure message="AssertionError: expected 404/403, got 200 null&#10;assert 200 in (403, 404)&#10; +  where 200 = &lt;Response [200]&gt;.status_code">E   AssertionError: expected 404/403, got 200 null
    assert 200 in (403, 404)
     +  where 200 = &lt;Response [200]&gt;.status_code</failure></testcase><testcase classname="tests.test_tenant_isolation.TestCrossTenantRead" name="test_employees_list_scoped" time="1.393" /><testcase classname="tests.test_tenant_isolation.TestCrossTenantWrite" name="test_attendance_mark_cross_tenant_404" time="0.055" /><testcase classname="tests.test_tenant_isolation.TestCrossTenantWrite" name="test_employee_update_cross_tenant_no_data_leak" time="0.240"><failure message="AssertionError: expected 404/403, got 200&#10;assert 200 in (403, 404)&#10; +  where 200 = &lt;Response [200]&gt;.status_code">E   AssertionError: expected 404/403, got 200
    assert 200 in (403, 404)
     +  where 200 = &lt;Response [200]&gt;.status_code</failure></testcase><testcase classname="tests.test_tenant_isolation.TestCrossTenantRead" name="test_get_employee_cross_tenant_404" time="0.107" /><testcase classname="tests.test_tenant_isolation.TestCrossTenantRead" name="test_get_task_cross_tenant_404" time="0.119" /><testcase classname="tests.test_tenant_isolation.TestCrossTenantWrite" name="test_employee_salary_cross_tenant_no_data_leak" time="0.244"><failure message="AssertionError: expected 404/403, got 200&#10;assert 200 in (403, 404)&#10; +  where 200 = &lt;Response [200]&gt;.status_code">E   AssertionError: expected 404/403, got 200
    assert 200 in (403, 404)
     +  where 200 = &lt;Response [200]&gt;.status_code</failure></testcase><testcase classname="tests.test_tenant_isolation.TestCrossTenantRead" name="test_tasks_list_scoped" time="0.104" /><testcase classname="tests.test_tenant_isolation.TestCrossTenantRead" name="test_attendance_list_scoped" time="0.069" /><testcase classname="tests.test_tenant_isolation.TestCrossTenantRead" name="test_payslip_cross_tenant_403" time="0.107" /><testcase classname="tests.test_tenant_isolation.TestCrossTenantWrite" name="test_leave_approve_reject_cross_tenant_404" time="0.153" /><testcase classname="tests.test_tenant_isolation.TestCrossTenantRead" name="test_dashboard_scoped" time="0.165" /><testcase classname="tests.test_tenant_isolation.TestCrossTenantWrite" name="test_payroll_status_adjust_cross_tenant_404" time="0.171" /><testcase classname="tests.test_tenant_isolation.TestSignup" name="test_signup_creates_isolated_org" time="1.284" /><testcase classname="tests.test_tenant_isolation.TestCrossTenantWrite" name="test_task_create_with_foreign_assignee_blocked" time="0.337" /><testcase classname="tests.test_tenant_isolation.TestPlatform" name="test_super_admin_lists_companies" time="0.480" /><testcase classname="tests.test_tenant_isolation.TestPlatform" name="test_company_admin_forbidden" time="0.081" /><testcase classname="tests.test_tenant_isolation.TestPlatform" name="test_platform_requires_auth" time="0.241" /><testcase classname="tests.test_tenant_isolation.TestPlatform" name="test_toggle_status_blocks_login_then_restore" time="0.940" /><testcase classname="tests.test_tenant_isolation.TestSignup" name="test_signup_duplicate_slug_rejected" time="0.146" /><testcase classname="tests.test_tenant_isolation.TestSignup" name="test_signup_reserved_slug_rejected" time="0.284" /><testcase classname="tests.test_tenant_isolation.TestSignup" name="test_signup_duplicate_email_rejected" time="0.102" /><testcase classname="tests.test_tenant_isolation.TestSignup" name="test_signup_invalid_slug_rejected" time="0.517" /><testcase classname="tests.test_tenant_isolation.TestPlatform" name="test_super_admin_cannot_be_toggled_off_by_admin" time="0.246" /><testcase classname="tests.test_tenant_isolation.TestTenantLogin" name="test_login_wrong_tenant_slug_403" time="0.332" /><testcase classname="tests.test_tenant_isolation.TestTenantLogin" name="test_login_matching_slug_200" time="0.320" /><testcase classname="tests.test_tenant_isolation.TestTenantLogin" name="test_login_no_slug_backward_compatible" time="0.330" /><testcase classname="tests.test_tenant_isolation.TestTenantLogin" name="test_login_unknown_slug_403" time="0.342" /></testsuite></testsuites>